<?xml version="1.0" encoding="UTF-8"?>
<!-- Generated by org.testng.reporters.JUnitReportReporter -->
<testsuite hostname="DESKTOP-HUBM003" name="com.qa.test.Test1" tests="1" failures="0" timestamp="30 Jul 2021 11:43:44 GMT" time="5.086" errors="0">
  <testcase name="test" time="5.086" classname="com.qa.test.Test1"/>
</testsuite> <!-- com.qa.test.Test1 -->
